C51 COMPILER V9.59.0.0   EX02                                                              12/01/2022 13:47:19 PAGE 1   


C51 COMPILER V9.59.0.0, COMPILATION OF MODULE EX02
OBJECT MODULE PLACED IN .\Objects\EX02.obj
COMPILER INVOKED BY: D:\Program Files\Keil\C51\BIN\C51.EXE EX02.c OPTIMIZE(8,SPEED) BROWSE DEBUG OBJECTEXTEND PRINT(.\Li
                    -stings\EX02.lst) TABS(2) OBJECT(.\Objects\EX02.obj)

line level    source

   1          #include <reg51.h>
   2          typedef unsigned char uint8;
   3          typedef unsigned int uint16;
   4          
   5          unsigned char buf;
   6          
   7          sbit ADDR0=P1^0;  //位地址声明
   8          sbit ADDR1=P1^1;
   9          sbit ADDR2=P1^2;
  10          sbit ADDR3=P1^3;
  11          sbit ENLED=P1^4;
  12           
  13          uint8 Buf[]="hello hushan\n";
  14          
  15          void delay(uint16 n)
  16          {
  17   1        while (n--);
  18   1      }
  19           
  20          //串行中断服务函数
  21          void serial() interrupt 4
  22            {
  23   1        ES=0;   //暂时关闭串口中断
  24   1        RI=0;
  25   1        buf=SBUF; //把收到的信息从SBUF放到buf中。
  26   1        switch(buf)
  27   1        {
  28   2        case 0x31: P0=0xfe;break;   //二进制 0011 0001  十进制 49 控制字符 1  16进制 0X31
  29   2        case 0x32: P0=0xfd;break;  //1111 1101
  30   2        case 0x33: P0=0xfb;break;
  31   2        case 0x34: P0=0xf7;break;
  32   2        case 0x35: P0=0xef;break;   
  33   2        case 0x36: P0=0xdf;break; 
  34   2        case 0x37: P0=0xbf;break;
  35   2        case 0x38: P0=0x7f;break;
  36   2        }
  37   1        ES=1;   //重新开启串口中断
  38   1       
  39   1      }
  40          
  41          /*波特率为9600*/
  42          void UART_init(void)
  43          {
  44   1          SCON = 0x50;        //串口方式1
  45   1       
  46   1          TMOD = 0x20;        // 定时器使用方式2自动重载
  47   1          TH1 = 0xFD;         //9600波特率对应的预设数，定时器方式2下，TH1=TL1
  48   1          TL1 = 0xFD;
  49   1       
  50   1          TR1 = 1;            //开启定时器，开始产生波特率
  51   1      }
  52           
  53          /*发送一个字符*/
  54          void UART_send_byte(uint8 dat){
C51 COMPILER V9.59.0.0   EX02                                                              12/01/2022 13:47:19 PAGE 2   

  55   1        SBUF = dat;           //把数据放到SBUF中
  56   1        while (TI == 0);      //未发送完毕就等待
  57   1          TI = 0;             //发送完毕后，要把TI重新置0
  58   1      }
  59           
  60          /*发送一个字符串*/
  61          void UART_send_string(uint8 *buf)
  62          {
  63   1        while (*buf != '\0')
  64   1        {
  65   2          UART_send_byte(*buf++);
  66   2        }
  67   1      }
  68           
  69          main()
  70          {
  71   1        UART_init();
  72   1        
  73   1        while (1)
  74   1        {
  75   2          //UART_send_byte('1');
  76   2          UART_send_string(Buf);
  77   2          delay(20000);
  78   2        }
  79   1      }


MODULE INFORMATION:   STATIC OVERLAYABLE
   CODE SIZE        =    207    ----
   CONSTANT SIZE    =   ----    ----
   XDATA SIZE       =   ----    ----
   PDATA SIZE       =   ----    ----
   DATA SIZE        =     15       3
   IDATA SIZE       =   ----    ----
   BIT SIZE         =   ----    ----
END OF MODULE INFORMATION.


C51 COMPILATION COMPLETE.  0 WARNING(S),  0 ERROR(S)
