C51 COMPILER V9.59.0.0   EX01                                                              12/02/2022 17:35:16 PAGE 1   


C51 COMPILER V9.59.0.0, COMPILATION OF MODULE EX01
OBJECT MODULE PLACED IN .\Objects\EX01.obj
COMPILER INVOKED BY: D:\Program Files\Keil\C51\BIN\C51.EXE EX01.c OPTIMIZE(8,SPEED) BROWSE DEBUG OBJECTEXTEND PRINT(.\Li
                    -stings\EX01.lst) TABS(2) OBJECT(.\Objects\EX01.obj)

line level    source

   1          #include <reg52.h>
   2          
   3          sbit ADDR0=P1^0;  //位地址声明
   4          sbit ADDR1=P1^1;
   5          sbit ADDR2=P1^2;
   6          sbit ADDR3=P1^3;
   7          sbit ENLED=P1^4;
   8          
   9          void change(unsigned char *c,unsigned char *s,unsigned char *d){
  10   1            if(*c>=10){ //溢出达到10次 
  11   2              *c=0;
  12   2              if(*d==0){
  13   3                *s=*s<<1;
  14   3                if(*s==0x80){
  15   4                  *d=1;
  16   4                }
  17   3              }
  18   2              else{
  19   3                *s=*s>>1;
  20   3                if(*s==0x01){
  21   4                  *d=0;
  22   4                }
  23   3              }
  24   2          }
  25   1      }
  26          
  27          void main(){
  28   1        unsigned char shift=0x01;
  29   1        unsigned char dir=0;
  30   1        unsigned char cnt=0;
  31   1        
  32   1        ENLED=0;  //74HC138使能
  33   1        ADDR3=1;
  34   1        
  35   1        ADDR2=1;  //74HC138输入A2A1A0
  36   1        ADDR1=1;
  37   1        ADDR0=0;
  38   1        
  39   1        TMOD=0x01; //模式
  40   1        TH0=0XB8;   //初值
  41   1        TL0=0X00;
  42   1        TR0=1;  //启动
  43   1        
  44   1        while(1){
  45   2          P0=~shift;
  46   2          while(TF0==0);
  47   2          TF0=0;
  48   2          TH0=0XB8;
  49   2          TL0=0X00;
  50   2          cnt++;
  51   2          change(&cnt,&shift,&dir);
  52   2        }
  53   1      }

C51 COMPILER V9.59.0.0   EX01                                                              12/02/2022 17:35:16 PAGE 2   


MODULE INFORMATION:   STATIC OVERLAYABLE
   CODE SIZE        =    172    ----
   CONSTANT SIZE    =   ----    ----
   XDATA SIZE       =   ----    ----
   PDATA SIZE       =   ----    ----
   DATA SIZE        =   ----      12
   IDATA SIZE       =   ----    ----
   BIT SIZE         =   ----    ----
END OF MODULE INFORMATION.


C51 COMPILATION COMPLETE.  0 WARNING(S),  0 ERROR(S)
