C51 COMPILER V9.59.0.0   KEYBOARD                                                          12/01/2022 17:18:37 PAGE 1   


C51 COMPILER V9.59.0.0, COMPILATION OF MODULE KEYBOARD
OBJECT MODULE PLACED IN keyboard.OBJ
COMPILER INVOKED BY: D:\Program Files\Keil\C51\BIN\C51.EXE keyboard.c OPTIMIZE(8,SPEED) BROWSE DEBUG OBJECTEXTEND TABS(2
                    -)

line level    source

   1          #include <reg52.h>
   2          
   3          sbit KEY_IN_1=P2^4;
   4          sbit KEY_IN_2=P2^5;
   5          sbit KEY_IN_3=P2^6;
   6          sbit KEY_OUT_1=P2^3;
   7          sbit KEY_OUT_2=P2^2;
   8          sbit KEY_OUT_3=P2^1;
   9          sbit KEY_OUT_4=P2^0;
  10          
  11          unsigned char code KeyCodeMap[4][3]={
  12            {'1','2','3'},
  13            {'4','5','6'},
  14            {'7','8','9'},
  15            {'0',0x1B,0x0D}
  16          };
  17          unsigned char pdata KeySta[4][3]={
  18            {1,1,1},{1,1,1},{1,1,1},{1,1,1}
  19          };
  20          extern unsigned char KeyAction(unsigned char keycode);
  21          unsigned char KeyDriver()
  22          {
  23   1        unsigned char i,j;
  24   1        unsigned char step;
  25   1        static unsigned char pdata backup[4][3]={
  26   1          {1,1,1},{1,1,1},{1,1,1},{1,1,1}
  27   1        };
  28   1        for(i=0;i<4;i++)
  29   1        {
  30   2          for(j=0;j<3;j++)
  31   2          {
  32   3            if(backup[i][j]!=KeySta[i][j])
  33   3            {
  34   4              if(backup[i][j]!=0)
  35   4              {
  36   5                step=KeyAction(KeyCodeMap[i][j]);
  37   5              }
  38   4              else{step=1;}
  39   4              backup[i][j]=KeySta[i][j];
  40   4            }
  41   3            else{step=1;}
  42   3          }
  43   2        }
  44   1        return step;
  45   1      }
  46          void KeyScan()
  47          {
  48   1        unsigned char i;
  49   1        static unsigned char keyout=0;
  50   1        static unsigned char keybuf[4][3]={
  51   1          {0xFF,0xFF,0xFF},{0xFF,0xFF,0xFF},
  52   1          {0xFF,0xFF,0xFF},{0xFF,0xFF,0xFF}
  53   1        };
  54   1        keybuf[keyout][0]=(keybuf[keyout][0]<<1)|KEY_IN_1;
C51 COMPILER V9.59.0.0   KEYBOARD                                                          12/01/2022 17:18:37 PAGE 2   

  55   1        keybuf[keyout][1]=(keybuf[keyout][1]<<1)|KEY_IN_2;
  56   1        keybuf[keyout][2]=(keybuf[keyout][2]<<1)|KEY_IN_3;
  57   1        for(i=0;i<3;i++)
  58   1        {
  59   2          if((keybuf[keyout][i]&0x0F)==0x00)
  60   2          {
  61   3            KeySta[keyout][i]=0;
  62   3          }
  63   2          else if((keybuf[keyout][i]&0x0F)==0x0F)
  64   2          {
  65   3            KeySta[keyout][i]=1;
  66   3          }
  67   2        }
  68   1        keyout++;
  69   1        keyout&=0x03;
  70   1        switch(keyout)
  71   1        {
  72   2          case 0:KEY_OUT_4=1;KEY_OUT_1=0;break;
  73   2          case 1:KEY_OUT_1=1;KEY_OUT_2=0;break;
  74   2          case 2:KEY_OUT_2=1;KEY_OUT_3=0;break;
  75   2          case 3:KEY_OUT_3=1;KEY_OUT_4=0;break;
  76   2          default: break;
  77   2        }
  78   1      }


MODULE INFORMATION:   STATIC OVERLAYABLE
   CODE SIZE        =    341    ----
   CONSTANT SIZE    =     12    ----
   XDATA SIZE       =   ----    ----
   PDATA SIZE       =     24    ----
   DATA SIZE        =     13       3
   IDATA SIZE       =   ----    ----
   BIT SIZE         =   ----    ----
END OF MODULE INFORMATION.


C51 COMPILATION COMPLETE.  0 WARNING(S),  0 ERROR(S)
