C51 COMPILER V9.59.0.0   LCD1602                                                           12/01/2022 17:18:37 PAGE 1   


C51 COMPILER V9.59.0.0, COMPILATION OF MODULE LCD1602
OBJECT MODULE PLACED IN Lcd1602.OBJ
COMPILER INVOKED BY: D:\Program Files\Keil\C51\BIN\C51.EXE Lcd1602.c OPTIMIZE(8,SPEED) BROWSE DEBUG OBJECTEXTEND TABS(2)

line level    source

   1          #include <reg52.h>
   2          
   3          #define LCD1602_DB P0
   4          sbit LCD1602_RS=P1^0;
   5          sbit LCD1602_RW=P1^1;
   6          sbit LCD1602_E=P1^5;
   7          
   8          void LcdWaitReady()
   9          {
  10   1        unsigned char sta;
  11   1        LCD1602_DB=0xFF;
  12   1        LCD1602_RS=0;
  13   1        LCD1602_RW=1;
  14   1        do
  15   1        {
  16   2          LCD1602_E=1;
  17   2          sta=LCD1602_DB;
  18   2          LCD1602_E=0;
  19   2        }while(sta&0x80);
  20   1      }
  21          void LcdWriteCmd(unsigned char cmd)
  22          {
  23   1        LcdWaitReady();
  24   1        LCD1602_RS=0;
  25   1        LCD1602_RW=0;
  26   1        LCD1602_DB=cmd;
  27   1        LCD1602_E=1;
  28   1        LCD1602_E=0;
  29   1      }
  30          void LcdWriteDat(unsigned char dat)
  31          {
  32   1        LcdWaitReady();
  33   1        LCD1602_RS=1;
  34   1        LCD1602_RW=0;
  35   1        LCD1602_DB=dat;
  36   1        LCD1602_E=1;
  37   1        LCD1602_E=0;
  38   1      }
  39          void LcdSetCursor(unsigned char x,unsigned char y)
  40          {
  41   1        unsigned char addr;
  42   1        if(y==0)
  43   1        {
  44   2          addr=0x00+x;
  45   2        }
  46   1        else
  47   1        {
  48   2          addr=0x40+x;
  49   2        }
  50   1        LcdWriteCmd(addr|0x80);
  51   1      }
  52          void LcdShowStr(unsigned char x,unsigned char y,unsigned char *str)
  53          {
  54   1        LcdSetCursor(x,y);
  55   1        while(*str!='\0')
C51 COMPILER V9.59.0.0   LCD1602                                                           12/01/2022 17:18:37 PAGE 2   

  56   1        {
  57   2          LcdWriteDat(*str++);
  58   2        }
  59   1      }
  60          void LcdAreaClear(unsigned char x,unsigned char y,unsigned char len)
  61          {
  62   1        LcdSetCursor(x,y);
  63   1        while(len--)
  64   1        {
  65   2          LcdWriteDat(' ');
  66   2        }
  67   1      }
  68          void InitLcd1602()
  69          {
  70   1        LcdWriteCmd(0x38);
  71   1        LcdWriteCmd(0x0C);
  72   1        LcdWriteCmd(0x06);
  73   1        LcdWriteCmd(0x01);
  74   1      }


MODULE INFORMATION:   STATIC OVERLAYABLE
   CODE SIZE        =    145    ----
   CONSTANT SIZE    =   ----    ----
   XDATA SIZE       =   ----    ----
   PDATA SIZE       =   ----    ----
   DATA SIZE        =   ----       3
   IDATA SIZE       =   ----    ----
   BIT SIZE         =   ----    ----
END OF MODULE INFORMATION.


C51 COMPILATION COMPLETE.  0 WARNING(S),  0 ERROR(S)
