C51 COMPILER V9.59.0.0   MAIN                                                              12/01/2022 17:18:37 PAGE 1   


C51 COMPILER V9.59.0.0, COMPILATION OF MODULE MAIN
OBJECT MODULE PLACED IN main.OBJ
COMPILER INVOKED BY: D:\Program Files\Keil\C51\BIN\C51.EXE main.c OPTIMIZE(8,SPEED) BROWSE DEBUG OBJECTEXTEND TABS(2)

line level    source

   1          /*
   2          *实现半双工通信。
   3          *PC首先发送信息，然后C51才能通过按键给PC发送信息。
   4          *C51发送信息后若需要再次发送，需等待PC发送信息，后按ESC键重置LCD的C51显示区
   5           接着可再次使用按键发送信息。
   6          */
   7          #include <reg52.h>
   8          unsigned char T0RH=0;
   9          unsigned char T0RL=0;
  10          unsigned char step=0;
  11          unsigned long num=0;
  12          
  13          void ConfigTimer0(unsigned int ms);
  14          extern unsigned char UartDriver();
  15          extern unsigned char KeyDriver();
  16          extern void KeyScan();
  17          extern void ConfigUART(unsigned int baud);
  18          extern void UartRxMonitor(unsigned char ms);
  19          extern void UartWrite(unsigned char *buf,unsigned char len);
  20          extern void InitLcd1602();
  21          extern void LcdShowStr(unsigned char x,unsigned char y,unsigned char *str);
  22          extern void LcdAreaClear(unsigned char x,unsigned char y,unsigned char len);
  23          
  24          void main()
  25          {
  26   1        EA=1;
  27   1        ConfigTimer0(1);
  28   1        ConfigUART(9600);
  29   1        InitLcd1602();
  30   1        while(1)
  31   1        {
  32   2          if(step==0)
  33   2          {
  34   3            step=UartDriver();
  35   3          }
  36   2          else if(step==1)
  37   2          {
  38   3            step=KeyDriver();
  39   3          }
  40   2        }
  41   1      }
  42          void UartAction(unsigned char *buf,unsigned char len)
  43          {
  44   1        buf[len]='\0';
  45   1        LcdShowStr(0,0,buf);
  46   1        if(len<16)
  47   1        {
  48   2          LcdAreaClear(len,0,16-len);
  49   2        }
  50   1        UartWrite("GetMessage",sizeof("GetMessage"));
  51   1      }
  52          void Reset()
  53          {
  54   1        num=0;
  55   1        LcdAreaClear(0,1,16);
C51 COMPILER V9.59.0.0   MAIN                                                              12/01/2022 17:18:37 PAGE 2   

  56   1      }
  57          unsigned char LongToString(unsigned char *str,unsigned long dat)
  58          {
  59   1        unsigned char i=0;
  60   1        unsigned char len=0;
  61   1        unsigned char buf[16];
  62   1        do
  63   1        {
  64   2          buf[i++]=dat%10;
  65   2          dat/=10;
  66   2        }while(dat>0);
  67   1        len+=i;
  68   1        while(i-->0)
  69   1        {
  70   2          *str++=buf[i]+'0';
  71   2        }
  72   1        *str++='\r';
  73   1        *str='\n';
  74   1        len=len+2;
  75   1        return len;
  76   1      }
  77          void NumKeyAction(unsigned char n)
  78          {
  79   1        unsigned char len;
  80   1        unsigned char str[16];
  81   1        num=num*10+n;
  82   1        len=LongToString(str,num);
  83   1        len=len-2;
  84   1        LcdShowStr(16-len,1,str);
  85   1      }
  86          unsigned char KeyAction(unsigned char keycode)
  87          {
  88   1        unsigned char flag;
  89   1        if((keycode>='0')&&(keycode<='9'))
  90   1        {
  91   2          NumKeyAction(keycode-'0');
  92   2          flag=1;
  93   2        }
  94   1        else if(keycode==0x0D)
  95   1        {
  96   2          unsigned char len;
  97   2          unsigned char str[16];
  98   2          len=LongToString(str,num);
  99   2          UartWrite(str,len);
 100   2          Reset();
 101   2          LcdShowStr(16-sizeof("Sented"),1,"Sented");
 102   2          flag=0;
 103   2        }
 104   1        else if(keycode==0x1B)
 105   1        {
 106   2          Reset();
 107   2          LcdShowStr(15,1,"0");
 108   2          flag=1;
 109   2        }
 110   1        else{flag=1;}
 111   1        return flag;
 112   1      }
 113          void ConfigTimer0(unsigned int ms)
 114          {
 115   1        unsigned long tmp;
 116   1        tmp=11059200/12;
 117   1        tmp=(tmp*ms)/1000;
C51 COMPILER V9.59.0.0   MAIN                                                              12/01/2022 17:18:37 PAGE 3   

 118   1        tmp=65536-tmp;
 119   1        tmp=tmp+33;
 120   1        T0RH=(unsigned char)(tmp>>8);
 121   1        T0RL=(unsigned char)tmp;
 122   1        TMOD&=0xF0;
 123   1        TMOD|=0x01;
 124   1        TH0=T0RH;
 125   1        TL0=T0RL;
 126   1        ET0=1;
 127   1        TR0=1;
 128   1      }
 129          void InterruptTimer0() interrupt 1
 130          {
 131   1        TH0=T0RH;
 132   1        TL0=T0RL;
 133   1        UartRxMonitor(1);
 134   1        KeyScan();
 135   1      }


MODULE INFORMATION:   STATIC OVERLAYABLE
   CODE SIZE        =    676    ----
   CONSTANT SIZE    =     20    ----
   XDATA SIZE       =   ----    ----
   PDATA SIZE       =   ----    ----
   DATA SIZE        =      7      69
   IDATA SIZE       =   ----    ----
   BIT SIZE         =   ----    ----
END OF MODULE INFORMATION.


C51 COMPILATION COMPLETE.  0 WARNING(S),  0 ERROR(S)
