Flow report for subway
Thu Nov 10 23:11:09 2022
Quartus II 64-Bit Version 13.1.0 Build 162 10/23/2013 SJ Full Version


---------------------
; Table of Contents ;
---------------------
  1. Legal Notice
  2. Flow Summary
  3. Flow Settings
  4. Flow Non-Default Global Settings
  5. Flow Elapsed Time
  6. Flow OS Summary
  7. Flow Log
  8. Flow Messages
  9. Flow Suppressed Messages



----------------
; Legal Notice ;
----------------
Copyright (C) 1991-2013 Altera Corporation
Your use of Altera Corporation's design tools, logic functions 
and other software and tools, and its AMPP partner logic 
functions, and any output files from any of the foregoing 
(including device programming or simulation files), and any 
associated documentation or information are expressly subject 
to the terms and conditions of the Altera Program License 
Subscription Agreement, Altera MegaCore Function License 
Agreement, or other applicable license agreement, including, 
without limitation, that your use is for the sole purpose of 
programming logic devices manufactured by Altera and sold by 
Altera or its authorized distributors.  Please refer to the 
applicable agreement for further details.



+----------------------------------------------------------------------------------+
; Flow Summary                                                                     ;
+------------------------------------+---------------------------------------------+
; Flow Status                        ; Successful - Thu Nov 10 23:11:09 2022       ;
; Quartus II 64-Bit Version          ; 13.1.0 Build 162 10/23/2013 SJ Full Version ;
; Revision Name                      ; subway                                      ;
; Top-level Entity Name              ; subway                                      ;
; Family                             ; Cyclone IV GX                               ;
; Total logic elements               ; 186 / 14,400 ( 1 % )                        ;
;     Total combinational functions  ; 183 / 14,400 ( 1 % )                        ;
;     Dedicated logic registers      ; 45 / 14,400 ( < 1 % )                       ;
; Total registers                    ; 45                                          ;
; Total pins                         ; 26 / 81 ( 32 % )                            ;
; Total virtual pins                 ; 0                                           ;
; Total memory bits                  ; 0 / 552,960 ( 0 % )                         ;
; Embedded Multiplier 9-bit elements ; 0                                           ;
; Total GXB Receiver Channel PCS     ; 0 / 2 ( 0 % )                               ;
; Total GXB Receiver Channel PMA     ; 0 / 2 ( 0 % )                               ;
; Total GXB Transmitter Channel PCS  ; 0 / 2 ( 0 % )                               ;
; Total GXB Transmitter Channel PMA  ; 0 / 2 ( 0 % )                               ;
; Total PLLs                         ; 0 / 3 ( 0 % )                               ;
; Device                             ; EP4CGX15BF14C6                              ;
; Timing Models                      ; Final                                       ;
+------------------------------------+---------------------------------------------+


+-----------------------------------------+
; Flow Settings                           ;
+-------------------+---------------------+
; Option            ; Setting             ;
+-------------------+---------------------+
; Start date & time ; 11/10/2022 23:05:46 ;
; Main task         ; Compilation         ;
; Revision Name     ; subway              ;
+-------------------+---------------------+


+-------------------------------------------------------------------------------------------------------------------------------------------------------+
; Flow Non-Default Global Settings                                                                                                                      ;
+-------------------------------------+------------------------------------------------------------------+---------------+-------------+----------------+
; Assignment Name                     ; Value                                                            ; Default Value ; Entity Name ; Section Id     ;
+-------------------------------------+------------------------------------------------------------------+---------------+-------------+----------------+
; COMPILER_SIGNATURE_ID               ; 141812765832175.166809274602832                                  ; --            ; --          ; --             ;
; EDA_GENERATE_FUNCTIONAL_NETLIST     ; On                                                               ; --            ; --          ; eda_simulation ;
; EDA_NETLIST_WRITER_OUTPUT_DIR       ; C:/Users/34538/Desktop/HomeWork/EDA/VHDL/subway/simulation/qsim/ ; --            ; --          ; eda_simulation ;
; EDA_OUTPUT_DATA_FORMAT              ; Verilog Hdl                                                      ; --            ; --          ; eda_simulation ;
; EDA_SIMULATION_TOOL                 ; ModelSim-Altera (Verilog)                                        ; <None>        ; --          ; --             ;
; EDA_TIME_SCALE                      ; 1 ps                                                             ; --            ; --          ; eda_simulation ;
; PARTITION_COLOR                     ; 16764057                                                         ; --            ; --          ; Top            ;
; PARTITION_FITTER_PRESERVATION_LEVEL ; PLACEMENT_AND_ROUTING                                            ; --            ; --          ; Top            ;
; PARTITION_NETLIST_TYPE              ; SOURCE                                                           ; --            ; --          ; Top            ;
; PROJECT_OUTPUT_DIRECTORY            ; output_files                                                     ; --            ; --          ; --             ;
+-------------------------------------+------------------------------------------------------------------+---------------+-------------+----------------+


+-------------------------------------------------------------------------------------------------------------------------------+
; Flow Elapsed Time                                                                                                             ;
+---------------------------+--------------+-------------------------+---------------------+------------------------------------+
; Module Name               ; Elapsed Time ; Average Processors Used ; Peak Virtual Memory ; Total CPU Time (on all processors) ;
+---------------------------+--------------+-------------------------+---------------------+------------------------------------+
; Analysis & Synthesis      ; 00:00:02     ; 1.0                     ; 4746 MB             ; 00:00:02                           ;
; Fitter                    ; 00:00:06     ; 1.0                     ; 5515 MB             ; 00:00:07                           ;
; Assembler                 ; 00:00:00     ; 1.0                     ; 4589 MB             ; 00:00:00                           ;
; TimeQuest Timing Analyzer ; 00:00:02     ; 1.0                     ; 4670 MB             ; 00:00:02                           ;
; EDA Netlist Writer        ; 00:00:01     ; 1.0                     ; 4580 MB             ; 00:00:00                           ;
; EDA Netlist Writer        ; 00:00:00     ; 1.0                     ; 4592 MB             ; 00:00:01                           ;
; EDA Netlist Writer        ; 00:00:01     ; 1.0                     ; 4597 MB             ; 00:00:01                           ;
; EDA Netlist Writer        ; 00:00:00     ; 1.0                     ; 4592 MB             ; 00:00:01                           ;
; EDA Netlist Writer        ; 00:00:01     ; 1.0                     ; 4597 MB             ; 00:00:01                           ;
; EDA Netlist Writer        ; 00:00:01     ; 1.0                     ; 4592 MB             ; 00:00:01                           ;
; EDA Netlist Writer        ; 00:00:00     ; 1.0                     ; 4597 MB             ; 00:00:01                           ;
; Total                     ; 00:00:14     ; --                      ; --                  ; 00:00:17                           ;
+---------------------------+--------------+-------------------------+---------------------+------------------------------------+


+----------------------------------------------------------------------------------------+
; Flow OS Summary                                                                        ;
+---------------------------+------------------+-----------+------------+----------------+
; Module Name               ; Machine Hostname ; OS Name   ; OS Version ; Processor type ;
+---------------------------+------------------+-----------+------------+----------------+
; Analysis & Synthesis      ; DESKTOP-RNDR4JD  ; Windows 7 ; 6.2        ; x86_64         ;
; Fitter                    ; DESKTOP-RNDR4JD  ; Windows 7 ; 6.2        ; x86_64         ;
; Assembler                 ; DESKTOP-RNDR4JD  ; Windows 7 ; 6.2        ; x86_64         ;
; TimeQuest Timing Analyzer ; DESKTOP-RNDR4JD  ; Windows 7 ; 6.2        ; x86_64         ;
; EDA Netlist Writer        ; DESKTOP-RNDR4JD  ; Windows 7 ; 6.2        ; x86_64         ;
; EDA Netlist Writer        ; DESKTOP-RNDR4JD  ; Windows 7 ; 6.2        ; x86_64         ;
; EDA Netlist Writer        ; DESKTOP-RNDR4JD  ; Windows 7 ; 6.2        ; x86_64         ;
; EDA Netlist Writer        ; DESKTOP-RNDR4JD  ; Windows 7 ; 6.2        ; x86_64         ;
; EDA Netlist Writer        ; DESKTOP-RNDR4JD  ; Windows 7 ; 6.2        ; x86_64         ;
; EDA Netlist Writer        ; DESKTOP-RNDR4JD  ; Windows 7 ; 6.2        ; x86_64         ;
; EDA Netlist Writer        ; DESKTOP-RNDR4JD  ; Windows 7 ; 6.2        ; x86_64         ;
+---------------------------+------------------+-----------+------------+----------------+


------------
; Flow Log ;
------------
quartus_map --read_settings_files=on --write_settings_files=off subway -c subway
quartus_fit --read_settings_files=off --write_settings_files=off subway -c subway
quartus_asm --read_settings_files=off --write_settings_files=off subway -c subway
quartus_sta subway -c subway
quartus_eda --read_settings_files=off --write_settings_files=off subway -c subway
quartus_eda --gen_testbench --check_outputs=on --tool=modelsim_oem --format=verilog subway -c subway --vector_source=C:/Users/34538/Desktop/HomeWork/EDA/VHDL/subway/Waveform.vwf --testbench_file=C:/Users/34538/Desktop/HomeWork/EDA/VHDL/subway/simulation/qsim/Waveform.vwf.vt
quartus_eda --functional=on --flatten_buses=off --simulation=on --tool=modelsim_oem --format=verilog --output_directory=C:/Users/34538/Desktop/HomeWork/EDA/VHDL/subway/simulation/qsim/ subway -c subway
quartus_eda --gen_testbench --check_outputs=on --tool=modelsim_oem --format=verilog subway -c subway --vector_source=C:/Users/34538/Desktop/HomeWork/EDA/VHDL/subway/Waveform.vwf --testbench_file=C:/Users/34538/Desktop/HomeWork/EDA/VHDL/subway/simulation/qsim/Waveform.vwf.vt
quartus_eda --functional=on --flatten_buses=off --simulation=on --tool=modelsim_oem --format=verilog --output_directory=C:/Users/34538/Desktop/HomeWork/EDA/VHDL/subway/simulation/qsim/ subway -c subway
quartus_eda --gen_testbench --check_outputs=on --tool=modelsim_oem --format=verilog subway -c subway --vector_source=C:/Users/34538/Desktop/HomeWork/EDA/VHDL/subway/Waveform.vwf --testbench_file=C:/Users/34538/Desktop/HomeWork/EDA/VHDL/subway/simulation/qsim/Waveform.vwf.vt
quartus_eda --functional=on --flatten_buses=off --simulation=on --tool=modelsim_oem --format=verilog --output_directory=C:/Users/34538/Desktop/HomeWork/EDA/VHDL/subway/simulation/qsim/ subway -c subway



